<?xml version="1.0" encoding="UTF-8"?>
<!-- Generated by org.testng.reporters.JUnitReportReporter -->
<testsuite hostname="BBMDVPAYZAPP" failures="0" tests="2" name="runners.TestRunner" time="12.596" errors="0" timestamp="2024-12-28T13:07:27 IST" skipped="0">
  <testcase classname="runners.TestRunner" name="runScenario" time="4.114"/>
  <testcase classname="runners.TestRunner" name="runScenario" time="8.482"/>
</testsuite> <!-- runners.TestRunner -->
