<?xml version="1.0" encoding="UTF-8"?>
<!-- Generated by org.testng.reporters.JUnitReportReporter -->
<testsuite hostname="BBMDVPAYZAPP" failures="0" tests="2" name="runners.TestRunner" time="52.504" errors="0" timestamp="2024-12-28T02:51:34 IST" skipped="0">
  <testcase classname="runners.TestRunner" name="runScenario" time="37.804"/>
  <testcase classname="runners.TestRunner" name="runScenario" time="14.700"/>
</testsuite> <!-- runners.TestRunner -->
