<?xml version="1.0" encoding="UTF-8"?>
<!-- Generated by org.testng.reporters.JUnitReportReporter -->
<testsuite hostname="BBMDVPAYZAPP" failures="0" tests="2" name="runners.TestRunner" time="37.620" errors="0" timestamp="2024-12-28T12:44:47 IST" skipped="0">
  <testcase classname="runners.TestRunner" name="runScenario" time="13.802"/>
  <testcase classname="runners.TestRunner" name="runScenario" time="23.818"/>
</testsuite> <!-- runners.TestRunner -->
