<?xml version="1.0" encoding="UTF-8"?>
<!-- Generated by org.testng.reporters.JUnitReportReporter -->
<testsuite hostname="BBMDVPAYZAPP" failures="0" tests="2" name="runners.TestRunner" time="1.813" errors="0" timestamp="2024-12-24T00:22:09 IST" skipped="0">
  <testcase classname="runners.TestRunner" name="runScenario" time="1.696"/>
  <testcase classname="runners.TestRunner" name="runScenario" time="0.117"/>
</testsuite> <!-- runners.TestRunner -->
